This is TeX, Version 3.14159 (Web2C 7.3.1) (format=latex 1999.8.20)  23 JUN 2003 10:34
**./images.tex
(./images.tex
LaTeX2e <1998/12/01> patch level 1
Babel <v3.6x> and hyphenation patterns for american, french, german, ngerman, n
ohyphenation, loaded.

(/Common/shared/teTeX/share/texmf/tex/latex/base/article.cls
Document Class: article 1999/01/07 v1.4a Standard LaTeX document class
(/Common/shared/teTeX/share/texmf/tex/latex/base/size10.clo
File: size10.clo 1999/01/07 v1.4a Standard LaTeX file (size option)
)
\c@part=\count79
\c@section=\count80
\c@subsection=\count81
\c@subsubsection=\count82
\c@paragraph=\count83
\c@subparagraph=\count84
\c@figure=\count85
\c@table=\count86
\abovecaptionskip=\skip41
\belowcaptionskip=\skip42
\bibindent=\dimen102
) (/Common/shared/teTeX/share/texmf/tex/latex/base/ifthen.sty
Package: ifthen 1999/01/07 v1.1a Standard LaTeX ifthen package (DPC)
) (/Common/shared/teTeX/share/texmf/tex/latex/graphics/graphicx.sty
Package: graphicx 1999/02/16 v1.0f Enhanced LaTeX Graphics (DPC,SPQR)
(/Common/shared/teTeX/share/texmf/tex/latex/graphics/keyval.sty
Package: keyval 1999/03/16 v1.13 key=value parser (DPC)
\KV@toks@=\toks14
) (/Common/shared/teTeX/share/texmf/tex/latex/graphics/graphics.sty
Package: graphics 1999/02/16 v1.0l Standard LaTeX Graphics (DPC,SPQR)
(/Common/shared/teTeX/share/texmf/tex/latex/graphics/trig.sty
Package: trig 1999/03/16 v1.09 sin cos tan (DPC)
) (/Common/shared/teTeX/share/texmf/tex/latex/config/graphics.cfg)
Package graphics Info: Driver file: dvips.def on input line 80.
(/Common/shared/teTeX/share/texmf/tex/latex/graphics/dvips.def
File: dvips.def 1999/02/16 v3.0i Driver-dependant file (DPC,SPQR)
))
\Gin@req@height=\dimen103
\Gin@req@width=\dimen104
) (/Common/shared/teTeX/share/texmf/tex/latex/html/html.sty
Package: html 1999/07/19 v1.38 hypertext commands for latex2html (nd, hws, rrm)

\c@lpart=\count87
\c@lchapter=\count88
\c@chapter=\count89
\c@lsection=\count90
\c@lsubsection=\count91
\c@lsubsubsection=\count92
\c@lparagraph=\count93
\c@lsubparagraph=\count94
\c@lsubsubparagraph=\count95
\ptrfile=\write3
)
\c@nitems=\count96
(/Common/shared/teTeX/share/texmf/tex/latex/graphics/color.sty
Package: color 1999/02/16 v1.0i Standard LaTeX Color (DPC)
(/Common/shared/teTeX/share/texmf/tex/latex/config/color.cfg)
Package color Info: Driver file: dvips.def on input line 125.
(/Common/shared/teTeX/share/texmf/tex/latex/graphics/dvipsnam.def
File: dvipsnam.def 1999/02/16 v3.0i Driver-dependant file (DPC,SPQR)
)) (/Common/shared/teTeX/share/texmf/tex/latex/base/inputenc.sty beta test vers
ion
Package: inputenc 1998/03/05 v0.97 Input encoding file (test version: still lia
ble to change)
)
\sizebox=\box26
\lthtmlwrite=\write4
(images.aux)
\openout1 = `images.aux'.

LaTeX Font Info:    Checking defaults for OML/cmm/m/it on input line 146.
LaTeX Font Info:    ... okay on input line 146.
LaTeX Font Info:    Checking defaults for T1/cmr/m/n on input line 146.
LaTeX Font Info:    ... okay on input line 146.
LaTeX Font Info:    Checking defaults for OT1/cmr/m/n on input line 146.
LaTeX Font Info:    ... okay on input line 146.
LaTeX Font Info:    Checking defaults for OMS/cmsy/m/n on input line 146.
LaTeX Font Info:    ... okay on input line 146.
LaTeX Font Info:    Checking defaults for OMX/cmex/m/n on input line 146.
LaTeX Font Info:    ... okay on input line 146.
LaTeX Font Info:    Checking defaults for U/cmr/m/n on input line 146.
LaTeX Font Info:    ... okay on input line 146.

latex2htmlLength hsize=349.0pt

latex2htmlLength vsize=673.20364pt

latex2htmlLength hoffset=0.0pt

latex2htmlLength voffset=0.0pt

latex2htmlLength topmargin=0.0pt

latex2htmlLength topskip=0.00003pt

latex2htmlLength headheight=0.0pt

latex2htmlLength headsep=0.0pt

latex2htmlLength parskip=0.0pt plus 1.0pt

latex2htmlLength oddsidemargin=0.0pt

latex2htmlLength evensidemargin=0.0pt

File: autoimd-diagram.eps Graphic file (type eps)
<autoimd-diagram.eps>
l2hSize :figure242:189.4203pt::0.0pt::349.0pt.
[1



]
LaTeX Font Info:    External font `cmex10' loaded for size
(Font)              <7> on input line 185.
LaTeX Font Info:    External font `cmex10' loaded for size
(Font)              <5> on input line 185.
l2hSize :tex2html_wrap_inline360:6.45831pt::0.0pt::10.50005pt.
[2


]
File: autoimd-GUI.eps Graphic file (type eps)
<autoimd-GUI.eps>
l2hSize :figure264:190.67499pt::0.0pt::349.0pt.
[3


]
File: simsettings-GUI.eps Graphic file (type eps)
<simsettings-GUI.eps>
l2hSize :figure287:135.46875pt::0.0pt::349.0pt.
[4


] (images.aux) ) 
Here is how much of TeX's memory you used:
 1057 strings out of 10901
 13044 string characters out of 72057
 56223 words of memory out of 263001
 4033 multiletter control sequences out of 10000+0
 3640 words of font info for 14 fonts, out of 400000 for 1000
 14 hyphenation exceptions out of 1000
 25i,5n,19p,295b,430s stack positions out of 300i,100n,500p,50000b,4000s

Output written on images.dvi (4 pages, 1256 bytes).
